Build started 10/24/2018 12:45:04 PM.
     1>Project "D:\SteamLibrary\steamapps\common\Quake 4\XCOM MOD\quake4_mods-master\idlib.vcxproj" on node 2 (Rebuild target(s)).
     1>ClCompile:
         C:\Program Files (x86)\Microsoft Visual Studio 12.0\VC\bin\CL.exe /c /Imssdk/include /Zi /nologo /W4 /WX- /Ox /Ob1 /Oi /Oy- /D NDEBUG /D _WINDOWS /D _FINAL /D Q4SDK /D _VC80_UPGRADE=0x0710 /D _MBCS /GF /Gm- /EHsc /MT /GS- /Gy- /fp:precise /Zc:wchar_t /Zc:forScope /GR /Yc /Fp"D:\SteamLibrary\steamapps\common\Quake 4\XCOM MOD\quake4_mods-master\Release\idLib/idLib.pch" /Fo"D:\SteamLibrary\steamapps\common\Quake 4\XCOM MOD\quake4_mods-master\Release\idLib/" /Fd"D:\SteamLibrary\steamapps\common\Quake 4\XCOM MOD\quake4_mods-master\Release\idLib.pdb" /Gd /TP /analyze- /errorReport:prompt idlib\Lib.cpp
         Lib.cpp
     1>d:\steamlibrary\steamapps\common\quake 4\xcom mod\quake4_mods-master\idlib\../idlib/Lib.h(120): warning C4996: 'strcpy': This function or variable may be unsafe. Consider using strcpy_s instead. To disable deprecation, use _CRT_SECURE_NO_WARNINGS. See online help for details.
                 C:\Program Files (x86)\Microsoft Visual Studio 12.0\VC\include\string.h(112) : see declaration of 'strcpy'
     1>d:\steamlibrary\steamapps\common\quake 4\xcom mod\quake4_mods-master\idlib\Str.h(406): warning C4996: 'strcpy': This function or variable may be unsafe. Consider using strcpy_s instead. To disable deprecation, use _CRT_SECURE_NO_WARNINGS. See online help for details.
                 C:\Program Files (x86)\Microsoft Visual Studio 12.0\VC\include\string.h(112) : see declaration of 'strcpy'
     1>d:\steamlibrary\steamapps\common\quake 4\xcom mod\quake4_mods-master\idlib\Str.h(446): warning C4996: 'strcpy': This function or variable may be unsafe. Consider using strcpy_s instead. To disable deprecation, use _CRT_SECURE_NO_WARNINGS. See online help for details.
                 C:\Program Files (x86)\Microsoft Visual Studio 12.0\VC\include\string.h(112) : see declaration of 'strcpy'
     1>d:\steamlibrary\steamapps\common\quake 4\xcom mod\quake4_mods-master\idlib\Str.h(501): warning C4996: 'sprintf': This function or variable may be unsafe. Consider using sprintf_s instead. To disable deprecation, use _CRT_SECURE_NO_WARNINGS. See online help for details.
                 C:\Program Files (x86)\Microsoft Visual Studio 12.0\VC\include\stdio.h(356) : see declaration of 'sprintf'
     1>d:\steamlibrary\steamapps\common\quake 4\xcom mod\quake4_mods-master\idlib\Str.h(503): warning C4996: 'strcpy': This function or variable may be unsafe. Consider using strcpy_s instead. To disable deprecation, use _CRT_SECURE_NO_WARNINGS. See online help for details.
                 C:\Program Files (x86)\Microsoft Visual Studio 12.0\VC\include\string.h(112) : see declaration of 'strcpy'
     1>d:\steamlibrary\steamapps\common\quake 4\xcom mod\quake4_mods-master\idlib\Str.h(512): warning C4996: 'sprintf': This function or variable may be unsafe. Consider using sprintf_s instead. To disable deprecation, use _CRT_SECURE_NO_WARNINGS. See online help for details.
                 C:\Program Files (x86)\Microsoft Visual Studio 12.0\VC\include\stdio.h(356) : see declaration of 'sprintf'
     1>d:\steamlibrary\steamapps\common\quake 4\xcom mod\quake4_mods-master\idlib\Str.h(514): warning C4996: 'strcpy': This function or variable may be unsafe. Consider using strcpy_s instead. To disable deprecation, use _CRT_SECURE_NO_WARNINGS. See online help for details.
                 C:\Program Files (x86)\Microsoft Visual Studio 12.0\VC\include\string.h(112) : see declaration of 'strcpy'
     1>d:\steamlibrary\steamapps\common\quake 4\xcom mod\quake4_mods-master\idlib\Str.h(527): warning C4996: 'strcpy': This function or variable may be unsafe. Consider using strcpy_s instead. To disable deprecation, use _CRT_SECURE_NO_WARNINGS. See online help for details.
                 C:\Program Files (x86)\Microsoft Visual Studio 12.0\VC\include\string.h(112) : see declaration of 'strcpy'
     1>d:\steamlibrary\steamapps\common\quake 4\xcom mod\quake4_mods-master\idlib\Str.h(605): warning C4996: 'sprintf': This function or variable may be unsafe. Consider using sprintf_s instead. To disable deprecation, use _CRT_SECURE_NO_WARNINGS. See online help for details.
                 C:\Program Files (x86)\Microsoft Visual Studio 12.0\VC\include\stdio.h(356) : see declaration of 'sprintf'
     1>d:\steamlibrary\steamapps\common\quake 4\xcom mod\quake4_mods-master\idlib\Str.h(615): warning C4996: 'sprintf': This function or variable may be unsafe. Consider using sprintf_s instead. To disable deprecation, use _CRT_SECURE_NO_WARNINGS. See online help for details.
                 C:\Program Files (x86)\Microsoft Visual Studio 12.0\VC\include\stdio.h(356) : see declaration of 'sprintf'
     1>d:\steamlibrary\steamapps\common\quake 4\xcom mod\quake4_mods-master\idlib\Str.h(625): warning C4996: 'sprintf': This function or variable may be unsafe. Consider using sprintf_s instead. To disable deprecation, use _CRT_SECURE_NO_WARNINGS. See online help for details.
                 C:\Program Files (x86)\Microsoft Visual Studio 12.0\VC\include\stdio.h(356) : see declaration of 'sprintf'
     1>d:\steamlibrary\steamapps\common\quake 4\xcom mod\quake4_mods-master\idlib\Str.h(634): warning C4996: 'sprintf': This function or variable may be unsafe. Consider using sprintf_s instead. To disable deprecation, use _CRT_SECURE_NO_WARNINGS. See online help for details.
                 C:\Program Files (x86)\Microsoft Visual Studio 12.0\VC\include\stdio.h(356) : see declaration of 'sprintf'
     1>d:\steamlibrary\steamapps\common\quake 4\xcom mod\quake4_mods-master\idlib\Str.h(643): warning C4996: 'sprintf': This function or variable may be unsafe. Consider using sprintf_s instead. To disable deprecation, use _CRT_SECURE_NO_WARNINGS. See online help for details.
                 C:\Program Files (x86)\Microsoft Visual Studio 12.0\VC\include\stdio.h(356) : see declaration of 'sprintf'
     1>d:\steamlibrary\steamapps\common\quake 4\xcom mod\quake4_mods-master\idlib\Str.h(652): warning C4996: 'sprintf': This function or variable may be unsafe. Consider using sprintf_s instead. To disable deprecation, use _CRT_SECURE_NO_WARNINGS. See online help for details.
                 C:\Program Files (x86)\Microsoft Visual Studio 12.0\VC\include\stdio.h(356) : see declaration of 'sprintf'
     1>d:\steamlibrary\steamapps\common\quake 4\xcom mod\quake4_mods-master\idlib\Base64.h(80): warning C4996: 'strcpy': This function or variable may be unsafe. Consider using strcpy_s instead. To disable deprecation, use _CRT_SECURE_NO_WARNINGS. See online help for details.
                 C:\Program Files (x86)\Microsoft Visual Studio 12.0\VC\include\string.h(112) : see declaration of 'strcpy'
     1>d:\steamlibrary\steamapps\common\quake 4\xcom mod\quake4_mods-master\game\script/Script_Interpreter.h(151): warning C4996: 'sprintf': This function or variable may be unsafe. Consider using sprintf_s instead. To disable deprecation, use _CRT_SECURE_NO_WARNINGS. See online help for details.
                 C:\Program Files (x86)\Microsoft Visual Studio 12.0\VC\include\stdio.h(356) : see declaration of 'sprintf'
     1>d:\steamlibrary\steamapps\common\quake 4\xcom mod\quake4_mods-master\game\script/Script_Interpreter.h(153): warning C4996: 'sprintf': This function or variable may be unsafe. Consider using sprintf_s instead. To disable deprecation, use _CRT_SECURE_NO_WARNINGS. See online help for details.
                 C:\Program Files (x86)\Microsoft Visual Studio 12.0\VC\include\stdio.h(356) : see declaration of 'sprintf'
         C:\Program Files (x86)\Microsoft Visual Studio 12.0\VC\bin\CL.exe /c /Imssdk/include /Zi /nologo /W4 /WX- /Ox /Ob1 /Oi /Oy- /D NDEBUG /D _WINDOWS /D _FINAL /D Q4SDK /D _VC80_UPGRADE=0x0710 /D _MBCS /GF /Gm- /EHsc /MT /GS- /Gy- /fp:precise /Zc:wchar_t /Zc:forScope /GR /Yu /Fp"D:\SteamLibrary\steamapps\common\Quake 4\XCOM MOD\quake4_mods-master\Release\idLib/idLib.pch" /Fo"D:\SteamLibrary\steamapps\common\Quake 4\XCOM MOD\quake4_mods-master\Release\idLib/" /Fd"D:\SteamLibrary\steamapps\common\Quake 4\XCOM MOD\quake4_mods-master\Release\idLib.pdb" /Gd /TP /analyze- /errorReport:prompt idlib\Base64.cpp idlib\BitMsg.cpp idlib\CmdArgs.cpp idlib\Dict.cpp idlib\Heap.cpp idlib\LangDict.cpp idlib\Lexer.cpp idlib\LexerFactory.cpp idlib\mapfile.cpp idlib\Parser.cpp idlib\rvHeap.cpp idlib\rvHeapArena.cpp idlib\rvMemSys.cpp idlib\Str.cpp idlib\TextCompiler.cpp idlib\Timer.cpp idlib\TimingCollection.cpp idlib\Token.cpp idlib\bv\Bounds.cpp idlib\bv\Box.cpp idlib\bv\Frustum.cpp idlib\bv\Sphere.cpp idlib\containers\HashIndex.cpp idlib\geometry\JointTransform.cpp idlib\geometry\Surface.cpp idlib\geometry\Surface_Patch.cpp idlib\geometry\Surface_Polytope.cpp idlib\geometry\Surface_SweptSpline.cpp idlib\geometry\TraceModel.cpp idlib\geometry\Winding.cpp idlib\geometry\Winding2D.cpp idlib\math\Angles.cpp idlib\math\Complex.cpp idlib\math\FFT.cpp idlib\math\Lcp.cpp idlib\math\Math.cpp idlib\math\Matrix.cpp idlib\math\Ode.cpp idlib\math\Plane.cpp idlib\math\Pluecker.cpp idlib\math\Polynomial.cpp idlib\math\Quat.cpp idlib\math\Radians.cpp idlib\math\Rotation.cpp idlib\math\Simd.cpp idlib\math\Simd_3DNow.cpp idlib\math\Simd_generic.cpp idlib\math\Simd_MMX.cpp idlib\math\Simd_SSE.cpp idlib\math\Simd_SSE2.cpp idlib\math\Simd_SSE3.cpp idlib\math\Vector.cpp idlib\hashing\CRC16.cpp idlib\hashing\CRC32.cpp idlib\hashing\CRC8.cpp idlib\hashing\Honeyman.cpp idlib\hashing\MD4.cpp idlib\hashing\MD5.cpp
         Base64.cpp
         BitMsg.cpp
         CmdArgs.cpp
     1>idlib\CmdArgs.cpp(2): warning C4627: '#include "../idlib/precompiled.h"': skipped when looking for precompiled header use
                 Add directive to 'precompiled header (.h) file' or rebuild precompiled header
     1>idlib\CmdArgs.cpp(36): warning C4996: 'strcat': This function or variable may be unsafe. Consider using strcat_s instead. To disable deprecation, use _CRT_SECURE_NO_WARNINGS. See online help for details.
                 C:\Program Files (x86)\Microsoft Visual Studio 12.0\VC\include\string.h(118) : see declaration of 'strcat'
     1>idlib\CmdArgs.cpp(41): warning C4996: 'strcat': This function or variable may be unsafe. Consider using strcat_s instead. To disable deprecation, use _CRT_SECURE_NO_WARNINGS. See online help for details.
                 C:\Program Files (x86)\Microsoft Visual Studio 12.0\VC\include\string.h(118) : see declaration of 'strcat'
     1>idlib\CmdArgs.cpp(43): warning C4996: 'strcat': This function or variable may be unsafe. Consider using strcat_s instead. To disable deprecation, use _CRT_SECURE_NO_WARNINGS. See online help for details.
                 C:\Program Files (x86)\Microsoft Visual Studio 12.0\VC\include\string.h(118) : see declaration of 'strcat'
     1>idlib\CmdArgs.cpp(50): warning C4996: 'strcat': This function or variable may be unsafe. Consider using strcat_s instead. To disable deprecation, use _CRT_SECURE_NO_WARNINGS. See online help for details.
                 C:\Program Files (x86)\Microsoft Visual Studio 12.0\VC\include\string.h(118) : see declaration of 'strcat'
     1>idlib\CmdArgs.cpp(59): warning C4996: 'strcat': This function or variable may be unsafe. Consider using strcat_s instead. To disable deprecation, use _CRT_SECURE_NO_WARNINGS. See online help for details.
                 C:\Program Files (x86)\Microsoft Visual Studio 12.0\VC\include\string.h(118) : see declaration of 'strcat'
     1>idlib\CmdArgs.cpp(63): warning C4996: 'strcat': This function or variable may be unsafe. Consider using strcat_s instead. To disable deprecation, use _CRT_SECURE_NO_WARNINGS. See online help for details.
                 C:\Program Files (x86)\Microsoft Visual Studio 12.0\VC\include\string.h(118) : see declaration of 'strcat'
         Dict.cpp
     1>idlib\Dict.cpp(338): warning C4996: 'sscanf': This function or variable may be unsafe. Consider using sscanf_s instead. To disable deprecation, use _CRT_SECURE_NO_WARNINGS. See online help for details.
                 C:\Program Files (x86)\Microsoft Visual Studio 12.0\VC\include\stdio.h(304) : see declaration of 'sscanf'
     1>idlib\Dict.cpp(357): warning C4996: 'sscanf': This function or variable may be unsafe. Consider using sscanf_s instead. To disable deprecation, use _CRT_SECURE_NO_WARNINGS. See online help for details.
                 C:\Program Files (x86)\Microsoft Visual Studio 12.0\VC\include\stdio.h(304) : see declaration of 'sscanf'
     1>idlib\Dict.cpp(376): warning C4996: 'sscanf': This function or variable may be unsafe. Consider using sscanf_s instead. To disable deprecation, use _CRT_SECURE_NO_WARNINGS. See online help for details.
                 C:\Program Files (x86)\Microsoft Visual Studio 12.0\VC\include\stdio.h(304) : see declaration of 'sscanf'
     1>idlib\Dict.cpp(395): warning C4996: 'sscanf': This function or variable may be unsafe. Consider using sscanf_s instead. To disable deprecation, use _CRT_SECURE_NO_WARNINGS. See online help for details.
                 C:\Program Files (x86)\Microsoft Visual Studio 12.0\VC\include\stdio.h(304) : see declaration of 'sscanf'
     1>idlib\Dict.cpp(414): warning C4996: 'sscanf': This function or variable may be unsafe. Consider using sscanf_s instead. To disable deprecation, use _CRT_SECURE_NO_WARNINGS. See online help for details.
                 C:\Program Files (x86)\Microsoft Visual Studio 12.0\VC\include\stdio.h(304) : see declaration of 'sscanf'
         Heap.cpp
     1>idlib\Heap.cpp(2): warning C4627: '#include "../idlib/precompiled.h"': skipped when looking for precompiled header use
                 Add directive to 'precompiled header (.h) file' or rebuild precompiled header
     1>idlib\Heap.cpp(1639): warning C4996: 'strcpy': This function or variable may be unsafe. Consider using strcpy_s instead. To disable deprecation, use _CRT_SECURE_NO_WARNINGS. See online help for details.
                 C:\Program Files (x86)\Microsoft Visual Studio 12.0\VC\include\string.h(112) : see declaration of 'strcpy'
         LangDict.cpp
         Lexer.cpp
     1>idlib\Lexer.cpp(625): warning C4996: 'vsprintf': This function or variable may be unsafe. Consider using vsprintf_s instead. To disable deprecation, use _CRT_SECURE_NO_WARNINGS. See online help for details.
                 C:\Program Files (x86)\Microsoft Visual Studio 12.0\VC\include\stdio.h(356) : see declaration of 'vsprintf'
     1>idlib\Lexer.cpp(649): warning C4996: 'vsprintf': This function or variable may be unsafe. Consider using vsprintf_s instead. To disable deprecation, use _CRT_SECURE_NO_WARNINGS. See online help for details.
                 C:\Program Files (x86)\Microsoft Visual Studio 12.0\VC\include\stdio.h(356) : see declaration of 'vsprintf'
     1>idlib\Lexer.cpp(2750): warning C4996: 'vsprintf': This function or variable may be unsafe. Consider using vsprintf_s instead. To disable deprecation, use _CRT_SECURE_NO_WARNINGS. See online help for details.
                 C:\Program Files (x86)\Microsoft Visual Studio 12.0\VC\include\stdio.h(356) : see declaration of 'vsprintf'
     1>idlib\Lexer.cpp(2761): warning C4996: 'vsprintf': This function or variable may be unsafe. Consider using vsprintf_s instead. To disable deprecation, use _CRT_SECURE_NO_WARNINGS. See online help for details.
                 C:\Program Files (x86)\Microsoft Visual Studio 12.0\VC\include\stdio.h(356) : see declaration of 'vsprintf'
         LexerFactory.cpp
         mapfile.cpp
     1>idlib\mapfile.cpp(726): warning C4996: 'sscanf': This function or variable may be unsafe. Consider using sscanf_s instead. To disable deprecation, use _CRT_SECURE_NO_WARNINGS. See online help for details.
                 C:\Program Files (x86)\Microsoft Visual Studio 12.0\VC\include\stdio.h(304) : see declaration of 'sscanf'
     1>idlib\mapfile.cpp(1197): warning C4996: 'sprintf': This function or variable may be unsafe. Consider using sprintf_s instead. To disable deprecation, use _CRT_SECURE_NO_WARNINGS. See online help for details.
                 C:\Program Files (x86)\Microsoft Visual Studio 12.0\VC\include\stdio.h(356) : see declaration of 'sprintf'
     1>idlib\mapfile.cpp(1307): warning C4996: 'sprintf': This function or variable may be unsafe. Consider using sprintf_s instead. To disable deprecation, use _CRT_SECURE_NO_WARNINGS. See online help for details.
                 C:\Program Files (x86)\Microsoft Visual Studio 12.0\VC\include\stdio.h(356) : see declaration of 'sprintf'
         Parser.cpp
     1>idlib\Parser.cpp(218): warning C4996: 'strcpy': This function or variable may be unsafe. Consider using strcpy_s instead. To disable deprecation, use _CRT_SECURE_NO_WARNINGS. See online help for details.
                 C:\Program Files (x86)\Microsoft Visual Studio 12.0\VC\include\string.h(112) : see declaration of 'strcpy'
     1>idlib\Parser.cpp(301): warning C4996: 'vsprintf': This function or variable may be unsafe. Consider using vsprintf_s instead. To disable deprecation, use _CRT_SECURE_NO_WARNINGS. See online help for details.
                 C:\Program Files (x86)\Microsoft Visual Studio 12.0\VC\include\stdio.h(356) : see declaration of 'vsprintf'
     1>idlib\Parser.cpp(318): warning C4996: 'vsprintf': This function or variable may be unsafe. Consider using vsprintf_s instead. To disable deprecation, use _CRT_SECURE_NO_WARNINGS. See online help for details.
                 C:\Program Files (x86)\Microsoft Visual Studio 12.0\VC\include\stdio.h(356) : see declaration of 'vsprintf'
     1>idlib\Parser.cpp(626): warning C4996: 'strcpy': This function or variable may be unsafe. Consider using strcpy_s instead. To disable deprecation, use _CRT_SECURE_NO_WARNINGS. See online help for details.
                 C:\Program Files (x86)\Microsoft Visual Studio 12.0\VC\include\string.h(112) : see declaration of 'strcpy'
     1>idlib\Parser.cpp(667): warning C4996: 'sprintf': This function or variable may be unsafe. Consider using sprintf_s instead. To disable deprecation, use _CRT_SECURE_NO_WARNINGS. See online help for details.
                 C:\Program Files (x86)\Microsoft Visual Studio 12.0\VC\include\stdio.h(356) : see declaration of 'sprintf'
     1>idlib\Parser.cpp(693): warning C4996: 'ctime': This function or variable may be unsafe. Consider using ctime_s instead. To disable deprecation, use _CRT_SECURE_NO_WARNINGS. See online help for details.
                 C:\Program Files (x86)\Microsoft Visual Studio 12.0\VC\include\time.inl(86) : see declaration of 'ctime'
     1>idlib\Parser.cpp(712): warning C4996: 'ctime': This function or variable may be unsafe. Consider using ctime_s instead. To disable deprecation, use _CRT_SECURE_NO_WARNINGS. See online help for details.
                 C:\Program Files (x86)\Microsoft Visual Studio 12.0\VC\include\time.inl(86) : see declaration of 'ctime'
     1>idlib\Parser.cpp(1084): warning C4996: 'strcpy': This function or variable may be unsafe. Consider using strcpy_s instead. To disable deprecation, use _CRT_SECURE_NO_WARNINGS. See online help for details.
                 C:\Program Files (x86)\Microsoft Visual Studio 12.0\VC\include\string.h(112) : see declaration of 'strcpy'
     1>idlib\Parser.cpp(2110): warning C4996: 'sprintf': This function or variable may be unsafe. Consider using sprintf_s instead. To disable deprecation, use _CRT_SECURE_NO_WARNINGS. See online help for details.
                 C:\Program Files (x86)\Microsoft Visual Studio 12.0\VC\include\stdio.h(356) : see declaration of 'sprintf'
     1>idlib\Parser.cpp(2140): warning C4996: 'sprintf': This function or variable may be unsafe. Consider using sprintf_s instead. To disable deprecation, use _CRT_SECURE_NO_WARNINGS. See online help for details.
                 C:\Program Files (x86)\Microsoft Visual Studio 12.0\VC\include\stdio.h(356) : see declaration of 'sprintf'
     1>idlib\Parser.cpp(2249): warning C4996: 'sprintf': This function or variable may be unsafe. Consider using sprintf_s instead. To disable deprecation, use _CRT_SECURE_NO_WARNINGS. See online help for details.
                 C:\Program Files (x86)\Microsoft Visual Studio 12.0\VC\include\stdio.h(356) : see declaration of 'sprintf'
     1>idlib\Parser.cpp(2281): warning C4996: 'sprintf': This function or variable may be unsafe. Consider using sprintf_s instead. To disable deprecation, use _CRT_SECURE_NO_WARNINGS. See online help for details.
                 C:\Program Files (x86)\Microsoft Visual Studio 12.0\VC\include\stdio.h(356) : see declaration of 'sprintf'
         rvHeap.cpp
     1>idlib\rvHeap.cpp(7): warning C4627: '#include "../idlib/precompiled.h"': skipped when looking for precompiled header use
                 Add directive to 'precompiled header (.h) file' or rebuild precompiled header
         rvHeapArena.cpp
     1>idlib\rvHeapArena.cpp(7): warning C4627: '#include "../idlib/precompiled.h"': skipped when looking for precompiled header use
                 Add directive to 'precompiled header (.h) file' or rebuild precompiled header
         rvMemSys.cpp
     1>idlib\rvMemSys.cpp(7): warning C4627: '#include "../idlib/precompiled.h"': skipped when looking for precompiled header use
                 Add directive to 'precompiled header (.h) file' or rebuild precompiled header
         Str.cpp
     1>idlib\Str.cpp(217): warning C4996: 'strcpy': This function or variable may be unsafe. Consider using strcpy_s instead. To disable deprecation, use _CRT_SECURE_NO_WARNINGS. See online help for details.
                 C:\Program Files (x86)\Microsoft Visual Studio 12.0\VC\include\string.h(112) : see declaration of 'strcpy'
     1>idlib\Str.cpp(298): warning C4996: 'strcpy': This function or variable may be unsafe. Consider using strcpy_s instead. To disable deprecation, use _CRT_SECURE_NO_WARNINGS. See online help for details.
                 C:\Program Files (x86)\Microsoft Visual Studio 12.0\VC\include\string.h(112) : see declaration of 'strcpy'
     1>idlib\Str.cpp(1685): warning C4996: 'strncpy': This function or variable may be unsafe. Consider using strncpy_s instead. To disable deprecation, use _CRT_SECURE_NO_WARNINGS. See online help for details.
                 C:\Program Files (x86)\Microsoft Visual Studio 12.0\VC\include\string.h(195) : see declaration of 'strncpy'
     1>idlib\Str.cpp(1849): warning C4996: 'vsprintf': This function or variable may be unsafe. Consider using vsprintf_s instead. To disable deprecation, use _CRT_SECURE_NO_WARNINGS. See online help for details.
                 C:\Program Files (x86)\Microsoft Visual Studio 12.0\VC\include\stdio.h(356) : see declaration of 'vsprintf'
     1>idlib\Str.cpp(1885): warning C4996: '_vsnprintf': This function or variable may be unsafe. Consider using _vsnprintf_s instead. To disable deprecation, use _CRT_SECURE_NO_WARNINGS. See online help for details.
                 C:\Program Files (x86)\Microsoft Visual Studio 12.0\VC\include\stdio.h(346) : see declaration of '_vsnprintf'
     1>idlib\Str.cpp(1959): warning C4996: 'vsprintf': This function or variable may be unsafe. Consider using vsprintf_s instead. To disable deprecation, use _CRT_SECURE_NO_WARNINGS. See online help for details.
                 C:\Program Files (x86)\Microsoft Visual Studio 12.0\VC\include\stdio.h(356) : see declaration of 'vsprintf'
         TextCompiler.cpp
         Timer.cpp
         TimingCollection.cpp
     1>idlib\TimingCollection.cpp(78): warning C4996: 'sprintf': This function or variable may be unsafe. Consider using sprintf_s instead. To disable deprecation, use _CRT_SECURE_NO_WARNINGS. See online help for details.
                 C:\Program Files (x86)\Microsoft Visual Studio 12.0\VC\include\stdio.h(356) : see declaration of 'sprintf'
     1>idlib\TimingCollection.cpp(92): warning C4996: 'sprintf': This function or variable may be unsafe. Consider using sprintf_s instead. To disable deprecation, use _CRT_SECURE_NO_WARNINGS. See online help for details.
                 C:\Program Files (x86)\Microsoft Visual Studio 12.0\VC\include\stdio.h(356) : see declaration of 'sprintf'
     1>idlib\TimingCollection.cpp(95): warning C4996: 'sprintf': This function or variable may be unsafe. Consider using sprintf_s instead. To disable deprecation, use _CRT_SECURE_NO_WARNINGS. See online help for details.
                 C:\Program Files (x86)\Microsoft Visual Studio 12.0\VC\include\stdio.h(356) : see declaration of 'sprintf'
     1>idlib\TimingCollection.cpp(200): warning C4996: 'sprintf': This function or variable may be unsafe. Consider using sprintf_s instead. To disable deprecation, use _CRT_SECURE_NO_WARNINGS. See online help for details.
                 C:\Program Files (x86)\Microsoft Visual Studio 12.0\VC\include\stdio.h(356) : see declaration of 'sprintf'
     1>idlib\TimingCollection.cpp(204): warning C4996: 'sprintf': This function or variable may be unsafe. Consider using sprintf_s instead. To disable deprecation, use _CRT_SECURE_NO_WARNINGS. See online help for details.
                 C:\Program Files (x86)\Microsoft Visual Studio 12.0\VC\include\stdio.h(356) : see declaration of 'sprintf'
     1>idlib\TimingCollection.cpp(212): warning C4996: 'sprintf': This function or variable may be unsafe. Consider using sprintf_s instead. To disable deprecation, use _CRT_SECURE_NO_WARNINGS. See online help for details.
                 C:\Program Files (x86)\Microsoft Visual Studio 12.0\VC\include\stdio.h(356) : see declaration of 'sprintf'
     1>idlib\TimingCollection.cpp(217): warning C4996: 'sprintf': This function or variable may be unsafe. Consider using sprintf_s instead. To disable deprecation, use _CRT_SECURE_NO_WARNINGS. See online help for details.
                 C:\Program Files (x86)\Microsoft Visual Studio 12.0\VC\include\stdio.h(356) : see declaration of 'sprintf'
         Token.cpp
         Bounds.cpp
     1>idlib\bv\Bounds.cpp(2): warning C4627: '#include "../precompiled.h"': skipped when looking for precompiled header use
                 Add directive to 'precompiled header (.h) file' or rebuild precompiled header
         Box.cpp
     1>idlib\bv\Box.cpp(2): warning C4627: '#include "../precompiled.h"': skipped when looking for precompiled header use
                 Add directive to 'precompiled header (.h) file' or rebuild precompiled header
         Generating Code...
         Compiling...
         Frustum.cpp
     1>idlib\bv\Frustum.cpp(2): warning C4627: '#include "../precompiled.h"': skipped when looking for precompiled header use
                 Add directive to 'precompiled header (.h) file' or rebuild precompiled header
         Sphere.cpp
     1>idlib\bv\Sphere.cpp(2): warning C4627: '#include "../precompiled.h"': skipped when looking for precompiled header use
                 Add directive to 'precompiled header (.h) file' or rebuild precompiled header
         HashIndex.cpp
     1>idlib\containers\HashIndex.cpp(2): warning C4627: '#include "../precompiled.h"': skipped when looking for precompiled header use
                 Add directive to 'precompiled header (.h) file' or rebuild precompiled header
         JointTransform.cpp
     1>idlib\geometry\JointTransform.cpp(2): warning C4627: '#include "../precompiled.h"': skipped when looking for precompiled header use
                 Add directive to 'precompiled header (.h) file' or rebuild precompiled header
         Surface.cpp
     1>idlib\geometry\Surface.cpp(2): warning C4627: '#include "../precompiled.h"': skipped when looking for precompiled header use
                 Add directive to 'precompiled header (.h) file' or rebuild precompiled header
         Surface_Patch.cpp
     1>idlib\geometry\Surface_Patch.cpp(2): warning C4627: '#include "../precompiled.h"': skipped when looking for precompiled header use
                 Add directive to 'precompiled header (.h) file' or rebuild precompiled header
         Surface_Polytope.cpp
     1>idlib\geometry\Surface_Polytope.cpp(2): warning C4627: '#include "../precompiled.h"': skipped when looking for precompiled header use
                 Add directive to 'precompiled header (.h) file' or rebuild precompiled header
         Surface_SweptSpline.cpp
     1>idlib\geometry\Surface_SweptSpline.cpp(2): warning C4627: '#include "../precompiled.h"': skipped when looking for precompiled header use
                 Add directive to 'precompiled header (.h) file' or rebuild precompiled header
         TraceModel.cpp
     1>idlib\geometry\TraceModel.cpp(2): warning C4627: '#include "../../idlib/precompiled.h"': skipped when looking for precompiled header use
                 Add directive to 'precompiled header (.h) file' or rebuild precompiled header
         Winding.cpp
     1>idlib\geometry\Winding.cpp(2): warning C4627: '#include "../precompiled.h"': skipped when looking for precompiled header use
                 Add directive to 'precompiled header (.h) file' or rebuild precompiled header
         Winding2D.cpp
     1>idlib\geometry\Winding2D.cpp(2): warning C4627: '#include "../precompiled.h"': skipped when looking for precompiled header use
                 Add directive to 'precompiled header (.h) file' or rebuild precompiled header
         Angles.cpp
     1>idlib\math\Angles.cpp(2): warning C4627: '#include "../precompiled.h"': skipped when looking for precompiled header use
                 Add directive to 'precompiled header (.h) file' or rebuild precompiled header
         Complex.cpp
     1>idlib\math\Complex.cpp(2): warning C4627: '#include "../precompiled.h"': skipped when looking for precompiled header use
                 Add directive to 'precompiled header (.h) file' or rebuild precompiled header
         FFT.cpp
     1>idlib\math\FFT.cpp(2): warning C4627: '#include "../precompiled.h"': skipped when looking for precompiled header use
                 Add directive to 'precompiled header (.h) file' or rebuild precompiled header
         Lcp.cpp
     1>idlib\math\Lcp.cpp(2): warning C4627: '#include "../precompiled.h"': skipped when looking for precompiled header use
                 Add directive to 'precompiled header (.h) file' or rebuild precompiled header
         Math.cpp
     1>idlib\math\Math.cpp(2): warning C4627: '#include "../precompiled.h"': skipped when looking for precompiled header use
                 Add directive to 'precompiled header (.h) file' or rebuild precompiled header
         Matrix.cpp
     1>idlib\math\Matrix.cpp(1): warning C4627: '#include "../precompiled.h"': skipped when looking for precompiled header use
                 Add directive to 'precompiled header (.h) file' or rebuild precompiled header
         Ode.cpp
     1>idlib\math\Ode.cpp(2): warning C4627: '#include "../precompiled.h"': skipped when looking for precompiled header use
                 Add directive to 'precompiled header (.h) file' or rebuild precompiled header
         Plane.cpp
     1>idlib\math\Plane.cpp(2): warning C4627: '#include "../precompiled.h"': skipped when looking for precompiled header use
                 Add directive to 'precompiled header (.h) file' or rebuild precompiled header
         Pluecker.cpp
     1>idlib\math\Pluecker.cpp(2): warning C4627: '#include "../precompiled.h"': skipped when looking for precompiled header use
                 Add directive to 'precompiled header (.h) file' or rebuild precompiled header
         Generating Code...
     1>d:\steamlibrary\steamapps\common\quake 4\xcom mod\quake4_mods-master\idlib\math\matrix.cpp(3782): warning C4750: 'class idMatX & __thiscall idMatX::SwapRows(int,int)': function with _alloca() inlined into a loop
     1>d:\steamlibrary\steamapps\common\quake 4\xcom mod\quake4_mods-master\idlib\math\lcp.cpp(640): warning C4750: 'void __thiscall idLCP_Square::CalcForceDelta(int,float)': function with _alloca() inlined into a loop
         Compiling...
         Polynomial.cpp
     1>idlib\math\Polynomial.cpp(2): warning C4627: '#include "../precompiled.h"': skipped when looking for precompiled header use
                 Add directive to 'precompiled header (.h) file' or rebuild precompiled header
         Quat.cpp
     1>idlib\math\Quat.cpp(2): warning C4627: '#include "../precompiled.h"': skipped when looking for precompiled header use
                 Add directive to 'precompiled header (.h) file' or rebuild precompiled header
         Radians.cpp
     1>idlib\math\Radians.cpp(1): warning C4627: '#include "../precompiled.h"': skipped when looking for precompiled header use
                 Add directive to 'precompiled header (.h) file' or rebuild precompiled header
         Rotation.cpp
     1>idlib\math\Rotation.cpp(2): warning C4627: '#include "../precompiled.h"': skipped when looking for precompiled header use
                 Add directive to 'precompiled header (.h) file' or rebuild precompiled header
         Simd.cpp
     1>idlib\math\Simd.cpp(2): warning C4627: '#include "../precompiled.h"': skipped when looking for precompiled header use
                 Add directive to 'precompiled header (.h) file' or rebuild precompiled header
         Simd_3DNow.cpp
     1>idlib\math\Simd_3DNow.cpp(2): warning C4627: '#include "../precompiled.h"': skipped when looking for precompiled header use
                 Add directive to 'precompiled header (.h) file' or rebuild precompiled header
         Simd_generic.cpp
     1>idlib\math\Simd_generic.cpp(2): warning C4627: '#include "../precompiled.h"': skipped when looking for precompiled header use
                 Add directive to 'precompiled header (.h) file' or rebuild precompiled header
         Simd_MMX.cpp
     1>idlib\math\Simd_MMX.cpp(1): warning C4627: '#include "../precompiled.h"': skipped when looking for precompiled header use
                 Add directive to 'precompiled header (.h) file' or rebuild precompiled header
         Simd_SSE.cpp
     1>idlib\math\Simd_SSE.cpp(1): warning C4627: '#include "../precompiled.h"': skipped when looking for precompiled header use
                 Add directive to 'precompiled header (.h) file' or rebuild precompiled header
         Simd_SSE2.cpp
     1>idlib\math\Simd_SSE2.cpp(2): warning C4627: '#include "../precompiled.h"': skipped when looking for precompiled header use
                 Add directive to 'precompiled header (.h) file' or rebuild precompiled header
         Simd_SSE3.cpp
     1>idlib\math\Simd_SSE3.cpp(2): warning C4627: '#include "../precompiled.h"': skipped when looking for precompiled header use
                 Add directive to 'precompiled header (.h) file' or rebuild precompiled header
         Vector.cpp
     1>idlib\math\Vector.cpp(2): warning C4627: '#include "../precompiled.h"': skipped when looking for precompiled header use
                 Add directive to 'precompiled header (.h) file' or rebuild precompiled header
         CRC16.cpp
     1>idlib\hashing\CRC16.cpp(2): warning C4627: '#include "../precompiled.h"': skipped when looking for precompiled header use
                 Add directive to 'precompiled header (.h) file' or rebuild precompiled header
         CRC32.cpp
     1>idlib\hashing\CRC32.cpp(2): warning C4627: '#include "../precompiled.h"': skipped when looking for precompiled header use
                 Add directive to 'precompiled header (.h) file' or rebuild precompiled header
         CRC8.cpp
     1>idlib\hashing\CRC8.cpp(2): warning C4627: '#include "../precompiled.h"': skipped when looking for precompiled header use
                 Add directive to 'precompiled header (.h) file' or rebuild precompiled header
         Honeyman.cpp
     1>idlib\hashing\Honeyman.cpp(2): warning C4627: '#include "../precompiled.h"': skipped when looking for precompiled header use
                 Add directive to 'precompiled header (.h) file' or rebuild precompiled header
         MD4.cpp
     1>idlib\hashing\MD4.cpp(2): warning C4627: '#include "../precompiled.h"': skipped when looking for precompiled header use
                 Add directive to 'precompiled header (.h) file' or rebuild precompiled header
         MD5.cpp
     1>idlib\hashing\MD5.cpp(2): warning C4627: '#include "../precompiled.h"': skipped when looking for precompiled header use
                 Add directive to 'precompiled header (.h) file' or rebuild precompiled header
         Generating Code...
     1>d:\steamlibrary\steamapps\common\quake 4\xcom mod\quake4_mods-master\idlib\math\simd_sse.cpp(2737): warning C4740: flow in or out of inline asm code suppresses global optimization
     1>d:\steamlibrary\steamapps\common\quake 4\xcom mod\quake4_mods-master\idlib\math\simd_sse.cpp(2748): warning C4740: flow in or out of inline asm code suppresses global optimization
     1>d:\steamlibrary\steamapps\common\quake 4\xcom mod\quake4_mods-master\idlib\math\simd_sse.cpp(2759): warning C4740: flow in or out of inline asm code suppresses global optimization
     1>d:\steamlibrary\steamapps\common\quake 4\xcom mod\quake4_mods-master\idlib\math\simd_sse.cpp(2770): warning C4740: flow in or out of inline asm code suppresses global optimization
     1>d:\steamlibrary\steamapps\common\quake 4\xcom mod\quake4_mods-master\idlib\math\simd_sse.cpp(2781): warning C4740: flow in or out of inline asm code suppresses global optimization
     1>d:\steamlibrary\steamapps\common\quake 4\xcom mod\quake4_mods-master\idlib\math\simd_sse.cpp(2792): warning C4740: flow in or out of inline asm code suppresses global optimization
     1>d:\steamlibrary\steamapps\common\quake 4\xcom mod\quake4_mods-master\idlib\math\simd_sse.cpp(2803): warning C4740: flow in or out of inline asm code suppresses global optimization
     1>d:\steamlibrary\steamapps\common\quake 4\xcom mod\quake4_mods-master\idlib\math\simd_sse.cpp(2814): warning C4740: flow in or out of inline asm code suppresses global optimization
       Lib:
         C:\Program Files (x86)\Microsoft Visual Studio 12.0\VC\bin\Lib.exe /OUT:"D:\SteamLibrary\steamapps\common\Quake 4\XCOM MOD\quake4_mods-master\Release\idLib.lib" /NOLOGO "D:\SteamLibrary\steamapps\common\Quake 4\XCOM MOD\quake4_mods-master\Release\idLib/Base64.obj"
         "D:\SteamLibrary\steamapps\common\Quake 4\XCOM MOD\quake4_mods-master\Release\idLib/BitMsg.obj"
         "D:\SteamLibrary\steamapps\common\Quake 4\XCOM MOD\quake4_mods-master\Release\idLib/CmdArgs.obj"
         "D:\SteamLibrary\steamapps\common\Quake 4\XCOM MOD\quake4_mods-master\Release\idLib/Dict.obj"
         "D:\SteamLibrary\steamapps\common\Quake 4\XCOM MOD\quake4_mods-master\Release\idLib/Heap.obj"
         "D:\SteamLibrary\steamapps\common\Quake 4\XCOM MOD\quake4_mods-master\Release\idLib/LangDict.obj"
         "D:\SteamLibrary\steamapps\common\Quake 4\XCOM MOD\quake4_mods-master\Release\idLib/Lexer.obj"
         "D:\SteamLibrary\steamapps\common\Quake 4\XCOM MOD\quake4_mods-master\Release\idLib/LexerFactory.obj"
         "D:\SteamLibrary\steamapps\common\Quake 4\XCOM MOD\quake4_mods-master\Release\idLib/Lib.obj"
         "D:\SteamLibrary\steamapps\common\Quake 4\XCOM MOD\quake4_mods-master\Release\idLib/mapfile.obj"
         "D:\SteamLibrary\steamapps\common\Quake 4\XCOM MOD\quake4_mods-master\Release\idLib/Parser.obj"
         "D:\SteamLibrary\steamapps\common\Quake 4\XCOM MOD\quake4_mods-master\Release\idLib/rvHeap.obj"
         "D:\SteamLibrary\steamapps\common\Quake 4\XCOM MOD\quake4_mods-master\Release\idLib/rvHeapArena.obj"
         "D:\SteamLibrary\steamapps\common\Quake 4\XCOM MOD\quake4_mods-master\Release\idLib/rvMemSys.obj"
         "D:\SteamLibrary\steamapps\common\Quake 4\XCOM MOD\quake4_mods-master\Release\idLib/Str.obj"
         "D:\SteamLibrary\steamapps\common\Quake 4\XCOM MOD\quake4_mods-master\Release\idLib/TextCompiler.obj"
         "D:\SteamLibrary\steamapps\common\Quake 4\XCOM MOD\quake4_mods-master\Release\idLib/Timer.obj"
         "D:\SteamLibrary\steamapps\common\Quake 4\XCOM MOD\quake4_mods-master\Release\idLib/TimingCollection.obj"
         "D:\SteamLibrary\steamapps\common\Quake 4\XCOM MOD\quake4_mods-master\Release\idLib/Token.obj"
         "D:\SteamLibrary\steamapps\common\Quake 4\XCOM MOD\quake4_mods-master\Release\idLib/Bounds.obj"
         "D:\SteamLibrary\steamapps\common\Quake 4\XCOM MOD\quake4_mods-master\Release\idLib/Box.obj"
         "D:\SteamLibrary\steamapps\common\Quake 4\XCOM MOD\quake4_mods-master\Release\idLib/Frustum.obj"
         "D:\SteamLibrary\steamapps\common\Quake 4\XCOM MOD\quake4_mods-master\Release\idLib/Sphere.obj"
         "D:\SteamLibrary\steamapps\common\Quake 4\XCOM MOD\quake4_mods-master\Release\idLib/HashIndex.obj"
         "D:\SteamLibrary\steamapps\common\Quake 4\XCOM MOD\quake4_mods-master\Release\idLib/JointTransform.obj"
         "D:\SteamLibrary\steamapps\common\Quake 4\XCOM MOD\quake4_mods-master\Release\idLib/Surface.obj"
         "D:\SteamLibrary\steamapps\common\Quake 4\XCOM MOD\quake4_mods-master\Release\idLib/Surface_Patch.obj"
         "D:\SteamLibrary\steamapps\common\Quake 4\XCOM MOD\quake4_mods-master\Release\idLib/Surface_Polytope.obj"
         "D:\SteamLibrary\steamapps\common\Quake 4\XCOM MOD\quake4_mods-master\Release\idLib/Surface_SweptSpline.obj"
         "D:\SteamLibrary\steamapps\common\Quake 4\XCOM MOD\quake4_mods-master\Release\idLib/TraceModel.obj"
         "D:\SteamLibrary\steamapps\common\Quake 4\XCOM MOD\quake4_mods-master\Release\idLib/Winding.obj"
         "D:\SteamLibrary\steamapps\common\Quake 4\XCOM MOD\quake4_mods-master\Release\idLib/Winding2D.obj"
         "D:\SteamLibrary\steamapps\common\Quake 4\XCOM MOD\quake4_mods-master\Release\idLib/Angles.obj"
         "D:\SteamLibrary\steamapps\common\Quake 4\XCOM MOD\quake4_mods-master\Release\idLib/Complex.obj"
         "D:\SteamLibrary\steamapps\common\Quake 4\XCOM MOD\quake4_mods-master\Release\idLib/FFT.obj"
         "D:\SteamLibrary\steamapps\common\Quake 4\XCOM MOD\quake4_mods-master\Release\idLib/Lcp.obj"
         "D:\SteamLibrary\steamapps\common\Quake 4\XCOM MOD\quake4_mods-master\Release\idLib/Math.obj"
         "D:\SteamLibrary\steamapps\common\Quake 4\XCOM MOD\quake4_mods-master\Release\idLib/Matrix.obj"
         "D:\SteamLibrary\steamapps\common\Quake 4\XCOM MOD\quake4_mods-master\Release\idLib/Ode.obj"
         "D:\SteamLibrary\steamapps\common\Quake 4\XCOM MOD\quake4_mods-master\Release\idLib/Plane.obj"
         "D:\SteamLibrary\steamapps\common\Quake 4\XCOM MOD\quake4_mods-master\Release\idLib/Pluecker.obj"
         "D:\SteamLibrary\steamapps\common\Quake 4\XCOM MOD\quake4_mods-master\Release\idLib/Polynomial.obj"
         "D:\SteamLibrary\steamapps\common\Quake 4\XCOM MOD\quake4_mods-master\Release\idLib/Quat.obj"
         "D:\SteamLibrary\steamapps\common\Quake 4\XCOM MOD\quake4_mods-master\Release\idLib/Radians.obj"
         "D:\SteamLibrary\steamapps\common\Quake 4\XCOM MOD\quake4_mods-master\Release\idLib/Rotation.obj"
         "D:\SteamLibrary\steamapps\common\Quake 4\XCOM MOD\quake4_mods-master\Release\idLib/Simd.obj"
         "D:\SteamLibrary\steamapps\common\Quake 4\XCOM MOD\quake4_mods-master\Release\idLib/Simd_3DNow.obj"
         "D:\SteamLibrary\steamapps\common\Quake 4\XCOM MOD\quake4_mods-master\Release\idLib/Simd_generic.obj"
         "D:\SteamLibrary\steamapps\common\Quake 4\XCOM MOD\quake4_mods-master\Release\idLib/Simd_MMX.obj"
         "D:\SteamLibrary\steamapps\common\Quake 4\XCOM MOD\quake4_mods-master\Release\idLib/Simd_SSE.obj"
         "D:\SteamLibrary\steamapps\common\Quake 4\XCOM MOD\quake4_mods-master\Release\idLib/Simd_SSE2.obj"
         "D:\SteamLibrary\steamapps\common\Quake 4\XCOM MOD\quake4_mods-master\Release\idLib/Simd_SSE3.obj"
         "D:\SteamLibrary\steamapps\common\Quake 4\XCOM MOD\quake4_mods-master\Release\idLib/Vector.obj"
         "D:\SteamLibrary\steamapps\common\Quake 4\XCOM MOD\quake4_mods-master\Release\idLib/CRC16.obj"
         "D:\SteamLibrary\steamapps\common\Quake 4\XCOM MOD\quake4_mods-master\Release\idLib/CRC32.obj"
         "D:\SteamLibrary\steamapps\common\Quake 4\XCOM MOD\quake4_mods-master\Release\idLib/CRC8.obj"
         "D:\SteamLibrary\steamapps\common\Quake 4\XCOM MOD\quake4_mods-master\Release\idLib/Honeyman.obj"
         "D:\SteamLibrary\steamapps\common\Quake 4\XCOM MOD\quake4_mods-master\Release\idLib/MD4.obj"
         "D:\SteamLibrary\steamapps\common\Quake 4\XCOM MOD\quake4_mods-master\Release\idLib/MD5.obj"
         idlib.vcxproj -> D:\SteamLibrary\steamapps\common\Quake 4\XCOM MOD\quake4_mods-master\Release\idLib.lib
     1>Done Building Project "D:\SteamLibrary\steamapps\common\Quake 4\XCOM MOD\quake4_mods-master\idlib.vcxproj" (Rebuild target(s)).

Build succeeded.

Time Elapsed 00:00:20.93
