d:\steamlibrary\steamapps\common\quake 4\xcom mod\quake4_mods-master\release\idlib\idlib.pch
d:\steamlibrary\steamapps\common\quake 4\xcom mod\quake4_mods-master\release\idlib.pdb
d:\steamlibrary\steamapps\common\quake 4\xcom mod\quake4_mods-master\release\idlib\lib.obj
d:\steamlibrary\steamapps\common\quake 4\xcom mod\quake4_mods-master\release\idlib\box.obj
d:\steamlibrary\steamapps\common\quake 4\xcom mod\quake4_mods-master\release\idlib\bounds.obj
d:\steamlibrary\steamapps\common\quake 4\xcom mod\quake4_mods-master\release\idlib\token.obj
d:\steamlibrary\steamapps\common\quake 4\xcom mod\quake4_mods-master\release\idlib\timingcollection.obj
d:\steamlibrary\steamapps\common\quake 4\xcom mod\quake4_mods-master\release\idlib\timer.obj
d:\steamlibrary\steamapps\common\quake 4\xcom mod\quake4_mods-master\release\idlib\textcompiler.obj
d:\steamlibrary\steamapps\common\quake 4\xcom mod\quake4_mods-master\release\idlib\str.obj
d:\steamlibrary\steamapps\common\quake 4\xcom mod\quake4_mods-master\release\idlib\rvmemsys.obj
d:\steamlibrary\steamapps\common\quake 4\xcom mod\quake4_mods-master\release\idlib\rvheaparena.obj
d:\steamlibrary\steamapps\common\quake 4\xcom mod\quake4_mods-master\release\idlib\rvheap.obj
d:\steamlibrary\steamapps\common\quake 4\xcom mod\quake4_mods-master\release\idlib\parser.obj
d:\steamlibrary\steamapps\common\quake 4\xcom mod\quake4_mods-master\release\idlib\mapfile.obj
d:\steamlibrary\steamapps\common\quake 4\xcom mod\quake4_mods-master\release\idlib\lexerfactory.obj
d:\steamlibrary\steamapps\common\quake 4\xcom mod\quake4_mods-master\release\idlib\lexer.obj
d:\steamlibrary\steamapps\common\quake 4\xcom mod\quake4_mods-master\release\idlib\langdict.obj
d:\steamlibrary\steamapps\common\quake 4\xcom mod\quake4_mods-master\release\idlib\heap.obj
d:\steamlibrary\steamapps\common\quake 4\xcom mod\quake4_mods-master\release\idlib\dict.obj
d:\steamlibrary\steamapps\common\quake 4\xcom mod\quake4_mods-master\release\idlib\cmdargs.obj
d:\steamlibrary\steamapps\common\quake 4\xcom mod\quake4_mods-master\release\idlib\bitmsg.obj
d:\steamlibrary\steamapps\common\quake 4\xcom mod\quake4_mods-master\release\idlib\base64.obj
d:\steamlibrary\steamapps\common\quake 4\xcom mod\quake4_mods-master\release\idlib\pluecker.obj
d:\steamlibrary\steamapps\common\quake 4\xcom mod\quake4_mods-master\release\idlib\plane.obj
d:\steamlibrary\steamapps\common\quake 4\xcom mod\quake4_mods-master\release\idlib\ode.obj
d:\steamlibrary\steamapps\common\quake 4\xcom mod\quake4_mods-master\release\idlib\matrix.obj
d:\steamlibrary\steamapps\common\quake 4\xcom mod\quake4_mods-master\release\idlib\math.obj
d:\steamlibrary\steamapps\common\quake 4\xcom mod\quake4_mods-master\release\idlib\lcp.obj
d:\steamlibrary\steamapps\common\quake 4\xcom mod\quake4_mods-master\release\idlib\fft.obj
d:\steamlibrary\steamapps\common\quake 4\xcom mod\quake4_mods-master\release\idlib\complex.obj
d:\steamlibrary\steamapps\common\quake 4\xcom mod\quake4_mods-master\release\idlib\angles.obj
d:\steamlibrary\steamapps\common\quake 4\xcom mod\quake4_mods-master\release\idlib\winding2d.obj
d:\steamlibrary\steamapps\common\quake 4\xcom mod\quake4_mods-master\release\idlib\winding.obj
d:\steamlibrary\steamapps\common\quake 4\xcom mod\quake4_mods-master\release\idlib\tracemodel.obj
d:\steamlibrary\steamapps\common\quake 4\xcom mod\quake4_mods-master\release\idlib\surface_sweptspline.obj
d:\steamlibrary\steamapps\common\quake 4\xcom mod\quake4_mods-master\release\idlib\surface_polytope.obj
d:\steamlibrary\steamapps\common\quake 4\xcom mod\quake4_mods-master\release\idlib\surface_patch.obj
d:\steamlibrary\steamapps\common\quake 4\xcom mod\quake4_mods-master\release\idlib\surface.obj
d:\steamlibrary\steamapps\common\quake 4\xcom mod\quake4_mods-master\release\idlib\jointtransform.obj
d:\steamlibrary\steamapps\common\quake 4\xcom mod\quake4_mods-master\release\idlib\hashindex.obj
d:\steamlibrary\steamapps\common\quake 4\xcom mod\quake4_mods-master\release\idlib\sphere.obj
d:\steamlibrary\steamapps\common\quake 4\xcom mod\quake4_mods-master\release\idlib\frustum.obj
d:\steamlibrary\steamapps\common\quake 4\xcom mod\quake4_mods-master\release\idlib\md5.obj
d:\steamlibrary\steamapps\common\quake 4\xcom mod\quake4_mods-master\release\idlib\md4.obj
d:\steamlibrary\steamapps\common\quake 4\xcom mod\quake4_mods-master\release\idlib\honeyman.obj
d:\steamlibrary\steamapps\common\quake 4\xcom mod\quake4_mods-master\release\idlib\crc8.obj
d:\steamlibrary\steamapps\common\quake 4\xcom mod\quake4_mods-master\release\idlib\crc32.obj
d:\steamlibrary\steamapps\common\quake 4\xcom mod\quake4_mods-master\release\idlib\crc16.obj
d:\steamlibrary\steamapps\common\quake 4\xcom mod\quake4_mods-master\release\idlib\vector.obj
d:\steamlibrary\steamapps\common\quake 4\xcom mod\quake4_mods-master\release\idlib\simd_sse3.obj
d:\steamlibrary\steamapps\common\quake 4\xcom mod\quake4_mods-master\release\idlib\simd_sse2.obj
d:\steamlibrary\steamapps\common\quake 4\xcom mod\quake4_mods-master\release\idlib\simd_sse.obj
d:\steamlibrary\steamapps\common\quake 4\xcom mod\quake4_mods-master\release\idlib\simd_mmx.obj
d:\steamlibrary\steamapps\common\quake 4\xcom mod\quake4_mods-master\release\idlib\simd_generic.obj
d:\steamlibrary\steamapps\common\quake 4\xcom mod\quake4_mods-master\release\idlib\simd_3dnow.obj
d:\steamlibrary\steamapps\common\quake 4\xcom mod\quake4_mods-master\release\idlib\simd.obj
d:\steamlibrary\steamapps\common\quake 4\xcom mod\quake4_mods-master\release\idlib\rotation.obj
d:\steamlibrary\steamapps\common\quake 4\xcom mod\quake4_mods-master\release\idlib\radians.obj
d:\steamlibrary\steamapps\common\quake 4\xcom mod\quake4_mods-master\release\idlib\quat.obj
d:\steamlibrary\steamapps\common\quake 4\xcom mod\quake4_mods-master\release\idlib\polynomial.obj
d:\steamlibrary\steamapps\common\quake 4\xcom mod\quake4_mods-master\release\idlib.lib
d:\steamlibrary\steamapps\common\quake 4\xcom mod\quake4_mods-master\release\idlib.tlog\cl.command.1.tlog
d:\steamlibrary\steamapps\common\quake 4\xcom mod\quake4_mods-master\release\idlib.tlog\cl.read.1.tlog
d:\steamlibrary\steamapps\common\quake 4\xcom mod\quake4_mods-master\release\idlib.tlog\cl.write.1.tlog
d:\steamlibrary\steamapps\common\quake 4\xcom mod\quake4_mods-master\release\idlib.tlog\lib-link.read.1.tlog
d:\steamlibrary\steamapps\common\quake 4\xcom mod\quake4_mods-master\release\idlib.tlog\lib-link.write.1.tlog
d:\steamlibrary\steamapps\common\quake 4\xcom mod\quake4_mods-master\release\idlib.tlog\lib.command.1.tlog
