d:\steamlibrary\steamapps\common\quake 4\xcom mod\win32\release\game\game.pch
d:\steamlibrary\steamapps\common\quake 4\xcom mod\win32\release\gamex86.pdb
d:\steamlibrary\steamapps\common\quake 4\xcom mod\win32\release\game\af.obj
d:\steamlibrary\steamapps\common\quake 4\xcom mod\win32\release\game\light.obj
d:\steamlibrary\steamapps\common\quake 4\xcom mod\win32\release\game\item.obj
d:\steamlibrary\steamapps\common\quake 4\xcom mod\win32\release\game\instance.obj
d:\steamlibrary\steamapps\common\quake 4\xcom mod\win32\release\game\ik.obj
d:\steamlibrary\steamapps\common\quake 4\xcom mod\win32\release\game\iconmanager.obj
d:\steamlibrary\steamapps\common\quake 4\xcom mod\win32\release\game\icon.obj
d:\steamlibrary\steamapps\common\quake 4\xcom mod\win32\release\game\healing_station.obj
d:\steamlibrary\steamapps\common\quake 4\xcom mod\win32\release\game\gameedit.obj
d:\steamlibrary\steamapps\common\quake 4\xcom mod\win32\release\game\game_network.obj
d:\steamlibrary\steamapps\common\quake 4\xcom mod\win32\release\game\game_log.obj
d:\steamlibrary\steamapps\common\quake 4\xcom mod\win32\release\game\game_local.obj
d:\steamlibrary\steamapps\common\quake 4\xcom mod\win32\release\game\game_debug.obj
d:\steamlibrary\steamapps\common\quake 4\xcom mod\win32\release\game\freeview.obj
d:\steamlibrary\steamapps\common\quake 4\xcom mod\win32\release\game\entity.obj
d:\steamlibrary\steamapps\common\quake 4\xcom mod\win32\release\game\effect.obj
d:\steamlibrary\steamapps\common\quake 4\xcom mod\win32\release\game\clientafentity.obj
d:\steamlibrary\steamapps\common\quake 4\xcom mod\win32\release\game\camera.obj
d:\steamlibrary\steamapps\common\quake 4\xcom mod\win32\release\game\brittlefracture.obj
d:\steamlibrary\steamapps\common\quake 4\xcom mod\win32\release\game\afentity.obj
d:\steamlibrary\steamapps\common\quake 4\xcom mod\win32\release\game\actor.obj
d:\steamlibrary\steamapps\common\quake 4\xcom mod\win32\release\game\aas_pathing.obj
d:\steamlibrary\steamapps\common\quake 4\xcom mod\win32\release\game\aas_find.obj
d:\steamlibrary\steamapps\common\quake 4\xcom mod\win32\release\game\aas_debug.obj
d:\steamlibrary\steamapps\common\quake 4\xcom mod\win32\release\game\aas.obj
d:\steamlibrary\steamapps\common\quake 4\xcom mod\win32\release\game\worldspawn.obj
d:\steamlibrary\steamapps\common\quake 4\xcom mod\win32\release\game\trigger.obj
d:\steamlibrary\steamapps\common\quake 4\xcom mod\win32\release\game\tramgate.obj
d:\steamlibrary\steamapps\common\quake 4\xcom mod\win32\release\game\target.obj
d:\steamlibrary\steamapps\common\quake 4\xcom mod\win32\release\game\splinemover.obj
d:\steamlibrary\steamapps\common\quake 4\xcom mod\win32\release\game\sound.obj
d:\steamlibrary\steamapps\common\quake 4\xcom mod\win32\release\game\securitycamera.obj
d:\steamlibrary\steamapps\common\quake 4\xcom mod\win32\release\game\pvs.obj
d:\steamlibrary\steamapps\common\quake 4\xcom mod\win32\release\game\projectile.obj
d:\steamlibrary\steamapps\common\quake 4\xcom mod\win32\release\game\player_cheats.obj
d:\steamlibrary\steamapps\common\quake 4\xcom mod\win32\release\game\playback.obj
d:\steamlibrary\steamapps\common\quake 4\xcom mod\win32\release\game\multiplayergame.obj
d:\steamlibrary\steamapps\common\quake 4\xcom mod\win32\release\game\mover.obj
d:\steamlibrary\steamapps\common\quake 4\xcom mod\win32\release\game\moveable.obj
d:\steamlibrary\steamapps\common\quake 4\xcom mod\win32\release\game\misc.obj
d:\steamlibrary\steamapps\common\quake 4\xcom mod\win32\release\game\lipsync.obj
d:\steamlibrary\steamapps\common\quake 4\xcom mod\win32\release\game\monster_failedtransfer.obj
d:\steamlibrary\steamapps\common\quake 4\xcom mod\win32\release\game\monster_convoyhover.obj
d:\steamlibrary\steamapps\common\quake 4\xcom mod\win32\release\game\monster_convoyground.obj
d:\steamlibrary\steamapps\common\quake 4\xcom mod\win32\release\game\monster_bossmakron.obj
d:\steamlibrary\steamapps\common\quake 4\xcom mod\win32\release\game\monster_bossbuddy.obj
d:\steamlibrary\steamapps\common\quake 4\xcom mod\win32\release\game\monster_berserker.obj
d:\steamlibrary\steamapps\common\quake 4\xcom mod\win32\release\game\ai_util.obj
d:\steamlibrary\steamapps\common\quake 4\xcom mod\win32\release\game\ai_tactical.obj
d:\steamlibrary\steamapps\common\quake 4\xcom mod\win32\release\game\ai_states.obj
d:\steamlibrary\steamapps\common\quake 4\xcom mod\win32\release\game\ai_pathing.obj
d:\steamlibrary\steamapps\common\quake 4\xcom mod\win32\release\game\ai_move.obj
d:\steamlibrary\steamapps\common\quake 4\xcom mod\win32\release\game\ai_medic.obj
d:\steamlibrary\steamapps\common\quake 4\xcom mod\win32\release\game\ai_manager.obj
d:\steamlibrary\steamapps\common\quake 4\xcom mod\win32\release\game\ai_events.obj
d:\steamlibrary\steamapps\common\quake 4\xcom mod\win32\release\game\ai_debug.obj
d:\steamlibrary\steamapps\common\quake 4\xcom mod\win32\release\game\ai_announcements.obj
d:\steamlibrary\steamapps\common\quake 4\xcom mod\win32\release\game\ai_actions.obj
d:\steamlibrary\steamapps\common\quake 4\xcom mod\win32\release\game\ai.obj
d:\steamlibrary\steamapps\common\quake 4\xcom mod\win32\release\game\aas_tactical.obj
d:\steamlibrary\steamapps\common\quake 4\xcom mod\win32\release\game\aas_routing.obj
d:\steamlibrary\steamapps\common\quake 4\xcom mod\win32\release\game\monster_turret.obj
d:\steamlibrary\steamapps\common\quake 4\xcom mod\win32\release\game\monster_teleportdropper.obj
d:\steamlibrary\steamapps\common\quake 4\xcom mod\win32\release\game\monster_stroggmarine.obj
d:\steamlibrary\steamapps\common\quake 4\xcom mod\win32\release\game\monster_strogghover.obj
d:\steamlibrary\steamapps\common\quake 4\xcom mod\win32\release\game\monster_stroggflyer.obj
d:\steamlibrary\steamapps\common\quake 4\xcom mod\win32\release\game\monster_streamprotector.obj
d:\steamlibrary\steamapps\common\quake 4\xcom mod\win32\release\game\monster_slimytransfer.obj
d:\steamlibrary\steamapps\common\quake 4\xcom mod\win32\release\game\monster_sentry.obj
d:\steamlibrary\steamapps\common\quake 4\xcom mod\win32\release\game\monster_scientist.obj
d:\steamlibrary\steamapps\common\quake 4\xcom mod\win32\release\game\monster_repairbot.obj
d:\steamlibrary\steamapps\common\quake 4\xcom mod\win32\release\game\monster_networkguardian.obj
d:\steamlibrary\steamapps\common\quake 4\xcom mod\win32\release\game\monster_lighttank.obj
d:\steamlibrary\steamapps\common\quake 4\xcom mod\win32\release\game\monster_ironmaiden.obj
d:\steamlibrary\steamapps\common\quake 4\xcom mod\win32\release\game\monster_heavyhovertank.obj
d:\steamlibrary\steamapps\common\quake 4\xcom mod\win32\release\game\monster_harvesterdispersal.obj
d:\steamlibrary\steamapps\common\quake 4\xcom mod\win32\release\game\monster_harvester.obj
d:\steamlibrary\steamapps\common\quake 4\xcom mod\win32\release\game\monster_gunner.obj
d:\steamlibrary\steamapps\common\quake 4\xcom mod\win32\release\game\monster_grunt.obj
d:\steamlibrary\steamapps\common\quake 4\xcom mod\win32\release\game\monster_gladiator.obj
d:\steamlibrary\steamapps\common\quake 4\xcom mod\win32\release\game\monster_fatty.obj
d:\steamlibrary\steamapps\common\quake 4\xcom mod\win32\release\game\force.obj
d:\steamlibrary\steamapps\common\quake 4\xcom mod\win32\release\game\clip.obj
d:\steamlibrary\steamapps\common\quake 4\xcom mod\win32\release\game\syscvar.obj
d:\steamlibrary\steamapps\common\quake 4\xcom mod\win32\release\game\syscmds.obj
d:\steamlibrary\steamapps\common\quake 4\xcom mod\win32\release\game\state.obj
d:\steamlibrary\steamapps\common\quake 4\xcom mod\win32\release\game\savegame.obj
d:\steamlibrary\steamapps\common\quake 4\xcom mod\win32\release\game\event.obj
d:\steamlibrary\steamapps\common\quake 4\xcom mod\win32\release\game\debuggraph.obj
d:\steamlibrary\steamapps\common\quake 4\xcom mod\win32\release\game\class.obj
d:\steamlibrary\steamapps\common\quake 4\xcom mod\win32\release\game\clientmoveable.obj
d:\steamlibrary\steamapps\common\quake 4\xcom mod\win32\release\game\clientmodel.obj
d:\steamlibrary\steamapps\common\quake 4\xcom mod\win32\release\game\cliententity.obj
d:\steamlibrary\steamapps\common\quake 4\xcom mod\win32\release\game\clienteffect.obj
d:\steamlibrary\steamapps\common\quake 4\xcom mod\win32\release\game\anim_testmodel.obj
d:\steamlibrary\steamapps\common\quake 4\xcom mod\win32\release\game\anim_import.obj
d:\steamlibrary\steamapps\common\quake 4\xcom mod\win32\release\game\anim_blend.obj
d:\steamlibrary\steamapps\common\quake 4\xcom mod\win32\release\game\anim.obj
d:\steamlibrary\steamapps\common\quake 4\xcom mod\win32\release\game\vehicleai.obj
d:\steamlibrary\steamapps\common\quake 4\xcom mod\win32\release\game\spawner.obj
d:\steamlibrary\steamapps\common\quake 4\xcom mod\win32\release\game\monster_turretflying.obj
d:\steamlibrary\steamapps\common\quake 4\xcom mod\win32\release\game\playerview.obj
d:\steamlibrary\steamapps\common\quake 4\xcom mod\win32\release\game\player_states.obj
d:\steamlibrary\steamapps\common\quake 4\xcom mod\win32\release\game\player.obj
d:\steamlibrary\steamapps\common\quake 4\xcom mod\win32\release\game\push.obj
d:\steamlibrary\steamapps\common\quake 4\xcom mod\win32\release\game\physics_vehiclemonster.obj
d:\steamlibrary\steamapps\common\quake 4\xcom mod\win32\release\game\physics_staticmulti.obj
d:\steamlibrary\steamapps\common\quake 4\xcom mod\win32\release\game\physics_static.obj
d:\steamlibrary\steamapps\common\quake 4\xcom mod\win32\release\game\physics_rigidbody.obj
d:\steamlibrary\steamapps\common\quake 4\xcom mod\win32\release\game\physics_player.obj
d:\steamlibrary\steamapps\common\quake 4\xcom mod\win32\release\game\physics_particle.obj
d:\steamlibrary\steamapps\common\quake 4\xcom mod\win32\release\game\physics_parametric.obj
d:\steamlibrary\steamapps\common\quake 4\xcom mod\win32\release\game\physics_monster.obj
d:\steamlibrary\steamapps\common\quake 4\xcom mod\win32\release\game\physics_base.obj
d:\steamlibrary\steamapps\common\quake 4\xcom mod\win32\release\game\physics_af.obj
d:\steamlibrary\steamapps\common\quake 4\xcom mod\win32\release\game\physics_actor.obj
d:\steamlibrary\steamapps\common\quake 4\xcom mod\win32\release\game\physics.obj
d:\steamlibrary\steamapps\common\quake 4\xcom mod\win32\release\game\force_spring.obj
d:\steamlibrary\steamapps\common\quake 4\xcom mod\win32\release\game\force_field.obj
d:\steamlibrary\steamapps\common\quake 4\xcom mod\win32\release\game\force_drag.obj
d:\steamlibrary\steamapps\common\quake 4\xcom mod\win32\release\game\force_constant.obj
d:\steamlibrary\steamapps\common\quake 4\xcom mod\win32\release\game\weapondarkmattergun.obj
d:\steamlibrary\steamapps\common\quake 4\xcom mod\win32\release\game\weaponblaster.obj
d:\steamlibrary\steamapps\common\quake 4\xcom mod\win32\release\game\weapon.obj
d:\steamlibrary\steamapps\common\quake 4\xcom mod\win32\release\game\vehiclestatic.obj
d:\steamlibrary\steamapps\common\quake 4\xcom mod\win32\release\game\vehiclespline.obj
d:\steamlibrary\steamapps\common\quake 4\xcom mod\win32\release\game\vehiclerigid.obj
d:\steamlibrary\steamapps\common\quake 4\xcom mod\win32\release\game\vehicleposition.obj
d:\steamlibrary\steamapps\common\quake 4\xcom mod\win32\release\game\vehicleparts.obj
d:\steamlibrary\steamapps\common\quake 4\xcom mod\win32\release\game\vehiclemonster.obj
d:\steamlibrary\steamapps\common\quake 4\xcom mod\win32\release\game\vehicledriver.obj
d:\steamlibrary\steamapps\common\quake 4\xcom mod\win32\release\game\vehiclecontroller.obj
d:\steamlibrary\steamapps\common\quake 4\xcom mod\win32\release\game\vehicleanimated.obj
d:\steamlibrary\steamapps\common\quake 4\xcom mod\win32\release\game\vehicle_walker.obj
d:\steamlibrary\steamapps\common\quake 4\xcom mod\win32\release\game\vehicle_droppod.obj
d:\steamlibrary\steamapps\common\quake 4\xcom mod\win32\release\game\vehicle.obj
d:\steamlibrary\steamapps\common\quake 4\xcom mod\win32\release\game\scriptfuncutility.obj
d:\steamlibrary\steamapps\common\quake 4\xcom mod\win32\release\game\script_thread.obj
d:\steamlibrary\steamapps\common\quake 4\xcom mod\win32\release\game\script_program.obj
d:\steamlibrary\steamapps\common\quake 4\xcom mod\win32\release\game\script_interpreter.obj
d:\steamlibrary\steamapps\common\quake 4\xcom mod\win32\release\game\script_compiler.obj
d:\steamlibrary\steamapps\common\quake 4\xcom mod\win32\release\game\statwindow.obj
d:\steamlibrary\steamapps\common\quake 4\xcom mod\win32\release\game\statmanager.obj
d:\steamlibrary\steamapps\common\quake 4\xcom mod\win32\release\game\statevent.obj
d:\steamlibrary\steamapps\common\quake 4\xcom mod\win32\release\game\voicecomms.obj
d:\steamlibrary\steamapps\common\quake 4\xcom mod\win32\release\game\tourney.obj
d:\steamlibrary\steamapps\common\quake 4\xcom mod\win32\release\game\gamestate.obj
d:\steamlibrary\steamapps\common\quake 4\xcom mod\win32\release\game\ctf.obj
d:\steamlibrary\steamapps\common\quake 4\xcom mod\win32\release\game\buying.obj
d:\steamlibrary\steamapps\common\quake 4\xcom mod\win32\release\game\weaponshotgun.obj
d:\steamlibrary\steamapps\common\quake 4\xcom mod\win32\release\game\weaponrocketlauncher.obj
d:\steamlibrary\steamapps\common\quake 4\xcom mod\win32\release\game\weaponrailgun.obj
d:\steamlibrary\steamapps\common\quake 4\xcom mod\win32\release\game\weaponnapalmgun.obj
d:\steamlibrary\steamapps\common\quake 4\xcom mod\win32\release\game\weaponnailgun.obj
d:\steamlibrary\steamapps\common\quake 4\xcom mod\win32\release\game\weaponmachinegun.obj
d:\steamlibrary\steamapps\common\quake 4\xcom mod\win32\release\game\weaponlightninggun.obj
d:\steamlibrary\steamapps\common\quake 4\xcom mod\win32\release\game\weaponhyperblaster.obj
d:\steamlibrary\steamapps\common\quake 4\xcom mod\win32\release\game\weapongrenadelauncher.obj
d:\steamlibrary\steamapps\common\quake 4\xcom mod\win32\release\game\weapongauntlet.obj
d:\steamlibrary\steamapps\common\quake 4\xcom mod\win32\release\game.tlog\cl.command.1.tlog
d:\steamlibrary\steamapps\common\quake 4\xcom mod\win32\release\game.tlog\cl.read.1.tlog
d:\steamlibrary\steamapps\common\quake 4\xcom mod\win32\release\game.tlog\cl.write.1.tlog
d:\steamlibrary\steamapps\common\quake 4\xcom mod\win32\release\game.tlog\link.command.1.tlog
d:\steamlibrary\steamapps\common\quake 4\xcom mod\win32\release\game.tlog\link.read.1.tlog
d:\steamlibrary\steamapps\common\quake 4\xcom mod\win32\release\game.tlog\link.write.1.tlog
